2025-08-25 14:59:04,550 DEBUG    root            Loaded Command Group: ['gcloud', 'config']
2025-08-25 14:59:04,644 DEBUG    root            Loaded Command Group: ['gcloud', 'config', 'config_helper']
2025-08-25 14:59:04,655 DEBUG    root            Running [gcloud.config.config-helper] with arguments: [--format: "json", --min-expiry: "1800"]
2025-08-25 14:59:05,102 DEBUG    google.auth.transport.requests Making request: GET http://metadata.google.internal/computeMetadata/v1/instance/service-accounts/260144637009-compute@developer.gserviceaccount.com/?recursive=true
2025-08-25 14:59:05,126 DEBUG    urllib3.connectionpool Starting new HTTP connection (1): metadata.google.internal:80
2025-08-25 14:59:05,128 DEBUG    urllib3.connectionpool http://metadata.google.internal:80 "GET /computeMetadata/v1/instance/service-accounts/260144637009-compute@developer.gserviceaccount.com/?recursive=true HTTP/11" 200 155
2025-08-25 14:59:05,159 DEBUG    google.auth.transport.requests Making request: GET http://metadata.google.internal/computeMetadata/v1/instance/service-accounts/260144637009-compute@developer.gserviceaccount.com/token
2025-08-25 14:59:05,162 DEBUG    urllib3.connectionpool http://metadata.google.internal:80 "GET /computeMetadata/v1/instance/service-accounts/260144637009-compute@developer.gserviceaccount.com/token HTTP/11" 200 866
2025-08-25 14:59:05,187 DEBUG    root            Chosen display Format:default json
2025-08-25 14:59:05,187 INFO     root            Display format: "default json"
2025-08-25 14:59:05,361 INFO     ___FILE_ONLY___ {
  "configuration": {
    "active_configuration": "default",
    "properties": {
      "compute": {
        "region": "us-central1"
      },
      "core": {
        "account": "260144637009-compute@developer.gserviceaccount.com",
        "disable_usage_reporting": "True",
        "project": "elaborate-chess-461609-j9"
      },
      "dataproc": {
        "region": "us-central1"
      }
    }
  },
  "credential": {
    "access_token": "ya29.c.c0ASRK0GZSS3lq6O9sEyhodlk1_EvNZNUlDDqD-RSTEYj2v0xKhJScTx97ZXVPd4DaLUbOlx466-BMj772RRh6h2n9XpuvYmy3pfOoQ3a6EEA0GfrE3uCPPJ-QAro49ZMY2BBXDSp7vXy-tOXWrsPuoXbTNadiV-YXabTLP3GnHIH5YuwMp9b03I8zWX9UY04SlaoRteCIu8UWbxjmkmz7eMIKInoFDTQqcBV5CLECFoU4kN7TvbiPWT5zu8NRXz9C9_EadYYmg3_9OBSA_jVt1aqWAeULDP4hX4FyYEgO1CGoAo-L4x9R2P0ZeCBZ5lTsohY4xGcF2T4BrMNaTOxqljv0lRhM35wDc9XNkfQcx9MBVJjLTaRI33Y4ERib14uJ_694Sv2yr8JJUchH5JdaWwG415C47mBip8lz5VVM07QmRubafSx_jd3v0glJ2skIgeQ3sc5p_k-m2Rfjauvorfafv9Y7MiQW7_zfch97Jpc2m1mt5pbv7y4QuO3WSwf4uVw496QObumMVMesWbFZ6z1kX2o9fl7w5nW6zqJefhrjxyxvwqFQb5I-nmdd52gqv611nroIxXIi8cyQ_mXtj6qlwxcQBBRwiIdkUBBRjIr61pSuR4m5nue28_yxg_1f-9zYnuJcBOt3tqQWjBZIliU2VlW24y39xgzref1VdweJpkSc222j3pBq0raZe__sdh38Vw6ecUu7M3Il18UmXuUUypYVUuFF8y_VyW5yqsV3UMz35B46QrvhzOz1IJwSf9R9XUVfeoSdlsqO5m4Zrm56hgFgZtbU-pb3Oq-og-4zoaoU51nspks851axRQxglZ9aqw5qOdSXQ6d1MycZ6ImS4qiXwOoMtw3U5Je9QhdW9SVBeirpy5_n9xppRdzdmZize7Rg54mVqtvmQkUmtt7flWaebg5jQn3bsB0JzOSVv43F1S-Mi7msmWBp5kakc1Oe540ZVO2tSXqmydraSMwZvmsBZjouS4XlleVOmYUJnb0llJphvs7",
    "id_token": "eyJhbGciOiJSUzI1NiIsImtpZCI6IjE0OTljMTU0Y2NjOGEyNWUyNGQ4ZGU4YjFhOWY4NDVhZWZiNmYzY2EiLCJ0eXAiOiJKV1QifQ.eyJhdWQiOiIzMjU1NTk0MDU1OS5hcHBzLmdvb2dsZXVzZXJjb250ZW50LmNvbSIsImF6cCI6IjEwMzc5MTY4ODgyMzU3ODgxMDkzOCIsImV4cCI6MTc1NjEzNzU0NSwiaWF0IjoxNzU2MTMzOTQ1LCJpc3MiOiJodHRwczovL2FjY291bnRzLmdvb2dsZS5jb20iLCJzdWIiOiIxMDM3OTE2ODg4MjM1Nzg4MTA5MzgifQ.HGo7i81jxO-kQ26j8mDnAlIbMeqDfQsVLwwcrYHwojT5jc4K2x_JRj4UXjV2krzA2YBWo_2eToqNzI91DeE-A4jCK_QmImXhhTm5u-9SoPbFOwqqfyAm_0-zq0cWRucams-QALbcrurXDkQWI0X9PdYYJK9EcGs5v__-WWhAT975FJsivu80Mx6xDBZ2-CFrwLdEoEXh7-ZXMQZskX7NqmqxdFwC5luCxOPGplpuluXfdCkhGbGoPuDNtMD9aetEDloTfTmD7u0eLnZQiSEF_iogKCXKjgyPQkkST3EwSx2Aj0wBB8qNM2KX7xofvGuxQBZT5ml1fe3sVyihUwOQBA",
    "token_expiry": "2025-08-25T15:58:14Z"
  },
  "sentinels": {
    "config_sentinel": "/home/jupyter/.config/gcloud/config_sentinel"
  }
}
2025-08-25 14:59:05,361 INFO     ___FILE_ONLY___ 

2025-08-25 14:59:05,362 DEBUG    root            SDK update checks are disabled.
